[22:43:31] [main/WARN]: Missing version information!
[22:43:32] [main/INFO]: [OptiFine] (Reflector) Field not found: World.tileEntitiesToBeRemoved
[22:43:33] [main/INFO]: [OptiFine] (Reflector) Class not present: net.minecraftforge.eventbus.api.Event$Result
[22:43:33] [main/INFO]: [OptiFine] (Reflector) Method not present: net.minecraftforge.common.extensions.IForgeBlockState.hasTileEntity
[22:43:33] [main/INFO]: [OptiFine] (Reflector) Class not present: net.minecraftforge.common.extensions.IForgeEntity
[22:43:33] [main/INFO]: [OptiFine] (Reflector) Class not present: net.minecraftforge.fml.CrashReportExtender
[22:43:35] [main/INFO]: [OptiFine] (Reflector) Method not present: net.minecraft.tags.ItemTags.createOptional
[22:43:46] [main/INFO]: [OptiFine] (Reflector) Class not present: net.minecraftforge.client.ForgeHooksClient
[22:43:47] [main/INFO]: Environment: authHost='https://authserver.mojang.com', accountsHost='https://api.mojang.com', sessionHost='https://sessionserver.mojang.com', servicesHost='https://api.minecraftservices.com', name='PROD'
[22:43:48] [main/INFO]: Setting user: zero
[22:43:48] [main/INFO]: [OptiFine] (Reflector) Class not present: net.minecraftforge.client.settings.KeyConflictContext
[22:43:48] [main/INFO]: [OptiFine] (Reflector) Class not present: net.minecraftforge.client.settings.KeyModifier
[22:43:48] [main/INFO]: Backend library: LWJGL version 3.2.2 build 10
[22:43:49] [main/INFO]: [OptiFine] (Reflector) Method not present: net.minecraftforge.fml.loading.progress.EarlyProgressVisualization.handOffWindow
[22:43:49] [main/INFO]: [OptiFine] 
[22:43:49] [main/INFO]: [OptiFine] OptiFine_1.16.5_HD_U_G8
[22:43:49] [main/INFO]: [OptiFine] (Reflector) Class not present: optifine.OptiFineResourceLocator
[22:43:49] [main/INFO]: [OptiFine] Build: null
[22:43:49] [main/INFO]: [OptiFine] OS: Windows 10 (amd64) version 10.0
[22:43:49] [main/INFO]: [OptiFine] Java: 17.0.10, Oracle Corporation
[22:43:49] [main/INFO]: [OptiFine] VM: Java HotSpot(TM) 64-Bit Server VM (mixed mode, sharing), Oracle Corporation
[22:43:49] [main/INFO]: [OptiFine] LWJGL: 3.3.0 Win32 WGL EGL OSMesa VisualC DLL
[22:43:49] [main/INFO]: [OptiFine] OpenGL: Radeon RX 470 Series, version 4.6.0 Compatibility Profile Context 23.11.1.231017, ATI Technologies Inc.
[22:43:49] [main/INFO]: [OptiFine] OpenGL Version: 4.6.0
[22:43:49] [main/INFO]: [OptiFine] OpenGL Fancy fog: Not available (GL_NV_fog_distance)
[22:43:49] [main/INFO]: [OptiFine] Maximum texture size: 16384x16384
[22:43:49] [VersionCheck/INFO]: [OptiFine] Checking for new version
[22:43:49] [main/INFO]: [Shaders] OpenGL Version: 4.6.0 Compatibility Profile Context 23.11.1.231017
[22:43:49] [main/INFO]: [Shaders] Vendor:  ATI Technologies Inc.
[22:43:49] [main/INFO]: [Shaders] Renderer: Radeon RX 470 Series
[22:43:49] [main/INFO]: [Shaders] Capabilities:  2.0  2.1  3.0  3.2  4.0 
[22:43:49] [main/INFO]: [Shaders] GL_MAX_DRAW_BUFFERS: 8
[22:43:49] [main/INFO]: [Shaders] GL_MAX_COLOR_ATTACHMENTS_EXT: 8
[22:43:49] [main/INFO]: [Shaders] GL_MAX_TEXTURE_IMAGE_UNITS: 32
[22:43:49] [main/INFO]: [Shaders] Load shaders configuration.
[22:43:49] [main/INFO]: [Shaders] Save shaders configuration.
[22:43:49] [main/INFO]: [Shaders] No shaderpack loaded.
[22:43:49] [main/INFO]: [OptiFine] (Reflector) Class not present: net.minecraftforge.fml.common.Loader
[22:43:50] [main/WARN]: [OptiFine] java.lang.ClassNotFoundException: sun.misc.SharedSecrets
[22:43:50] [main/WARN]: [OptiFine] java.lang.ClassNotFoundException: jdk.internal.misc.SharedSecrets
[22:43:50] [main/WARN]: [OptiFine] java.lang.ClassNotFoundException: sun.misc.VM
[22:43:50] [main/WARN]: [OptiFine] java.lang.reflect.InaccessibleObjectException: Unable to make public static long jdk.internal.misc.VM.maxDirectMemory() accessible: module java.base does not "exports jdk.internal.misc" to unnamed module @1b28cdfa
[22:43:50] [VersionCheck/INFO]: [OptiFine] Version found: G7
[22:43:50] [main/INFO]: [OptiFine] (Reflector) Class not present: net.minecraftforge.client.ItemModelMesherForge
[22:43:51] [main/INFO]: [OptiFine] (Reflector) Class not present: net.minecraftforge.client.model.pipeline.ForgeBlockModelRenderer
[22:43:52] [main/INFO]: Narrator library for x64 successfully loaded
[22:43:53] [Via-Mappingloader-0/INFO]: Loading block connection mappings ...
[22:43:53] [main/INFO]: Loaded Platform ViaVersion
[22:43:54] [Via-Mappingloader-0/INFO]: Using FastUtil Long2ObjectOpenHashMap for block connections
[22:43:54] [main/INFO]: Loading translations...
[22:43:54] [main/INFO]: Registering protocols...
[22:43:55] [main/INFO]: Loaded Platform ViaBackwards
[22:43:55] [main/INFO]: ViaVersion detected lowest supported version by the proxy: 1.4.6/7 (51)
[22:43:55] [main/INFO]: Highest supported version by the proxy: 1.20/1.20.1 (763)
[22:43:55] [Via Async Scheduler 0/INFO]: Finished mapping loading, shutting down loader executor!
[22:43:56] [Via Async Task 1/WARN]: There is a newer plugin version available: 5.2.1, you're on: 4.7.0
[22:44:03] [main/INFO]: [STDOUT]: DiscordRPC: null
[22:44:03] [main/INFO]: Reloading ResourceManager: Default
[22:44:03] [main/INFO]: [OptiFine] *** Reloading textures ***
[22:44:03] [main/INFO]: [OptiFine] Resource packs: Default
[22:44:03] [Worker-Main-3/INFO]: [OptiFine] Multitexture: false
[22:44:03] [Worker-Main-1/INFO]: [OptiFine] Multitexture: false
[22:44:03] [Worker-Main-7/INFO]: [OptiFine] Multitexture: false
[22:44:04] [Worker-Main-6/INFO]: [OptiFine] (Reflector) Class not present: net.minecraftforge.client.model.ModelLoaderRegistry
[22:44:24] [main/INFO]: [OptiFine] (Reflector) Method not present: net.minecraft.client.renderer.RenderTypeLookup.canRenderInLayer
[22:44:25] [main/INFO]: [OptiFine] *** Reflector Forge ***
[22:44:25] [main/INFO]: [OptiFine] (Reflector) Class not present: mods.betterfoliage.client.BetterFoliageClient
[22:44:25] [main/INFO]: [OptiFine] (Reflector) Class not present: net.minecraftforge.fml.BrandingControl
[22:44:25] [main/INFO]: [OptiFine] (Reflector) Class not present: net.minecraftforge.common.capabilities.ICapabilityProvider
[22:44:25] [main/INFO]: [OptiFine] (Reflector) Class not present: net.minecraftforge.common.capabilities.CapabilityProvider
[22:44:25] [main/INFO]: [OptiFine] (Reflector) Class not present: net.minecraftforge.fml.client.ClientModLoader
[22:44:25] [main/INFO]: [OptiFine] (Reflector) Class not present: net.minecraftforge.event.world.ChunkDataEvent$Save
[22:44:25] [main/INFO]: [OptiFine] (Reflector) Class not present: net.minecraftforge.event.world.ChunkEvent$Load
[22:44:25] [main/INFO]: [OptiFine] (Reflector) Class not present: net.minecraftforge.event.world.ChunkEvent$Unload
[22:44:25] [main/INFO]: [OptiFine] (Reflector) Class not present: net.minecraftforge.fml.client.ClientHooks
[22:44:25] [main/INFO]: [OptiFine] (Reflector) Class not present: net.minecraftforge.client.event.GuiScreenEvent$DrawScreenEvent$Pre
[22:44:25] [main/INFO]: [OptiFine] (Reflector) Class not present: net.minecraftforge.client.event.GuiScreenEvent$DrawScreenEvent$Post
[22:44:25] [main/INFO]: [OptiFine] (Reflector) Class not present: net.minecraftforge.event.entity.EntityLeaveWorldEvent
[22:44:25] [main/INFO]: [OptiFine] (Reflector) Class not present: net.minecraftforge.client.event.EntityViewRenderEvent$CameraSetup
[22:44:25] [main/INFO]: [OptiFine] (Reflector) Class not present: net.minecraftforge.client.event.EntityViewRenderEvent$FogColors
[22:44:25] [main/INFO]: [OptiFine] (Reflector) Class not present: net.minecraftforge.client.event.EntityViewRenderEvent$RenderFogEvent
[22:44:25] [main/INFO]: [OptiFine] (Reflector) Class not present: net.minecraftforge.event.entity.EntityJoinWorldEvent
[22:44:25] [main/INFO]: [OptiFine] (Reflector) Method not present: net.minecraftforge.eventbus.api.Event.isCanceled
[22:44:25] [main/INFO]: [OptiFine] (Reflector) Method not present: net.minecraftforge.eventbus.api.Event.getResult
[22:44:25] [main/INFO]: [OptiFine] (Reflector) Class not present: net.minecraftforge.eventbus.api.IEventBus
[22:44:25] [main/INFO]: [OptiFine] (Reflector) Class not present: net.minecraftforge.common.extensions.IForgeBlock
[22:44:25] [main/INFO]: [OptiFine] (Reflector) Method not present: net.minecraft.client.renderer.BlockModelShapes.getTexture
[22:44:25] [main/INFO]: [OptiFine] (Reflector) Method not present: net.minecraftforge.common.extensions.IForgeBlockState.addDestroyEffects
[22:44:25] [main/INFO]: [OptiFine] (Reflector) Method not present: net.minecraftforge.common.extensions.IForgeBlockState.addHitEffects
[22:44:25] [main/INFO]: [OptiFine] (Reflector) Method not present: net.minecraftforge.common.extensions.IForgeBlockState.getLightValue
[22:44:25] [main/INFO]: [OptiFine] (Reflector) Method not present: net.minecraftforge.common.extensions.IForgeBlockState.getSoundType
[22:44:25] [main/INFO]: [OptiFine] (Reflector) Method not present: net.minecraftforge.common.extensions.IForgeBlockState.getStateAtViewpoint
[22:44:25] [main/INFO]: [OptiFine] (Reflector) Method not present: net.minecraftforge.common.extensions.IForgeBlockState.isAir
[22:44:25] [main/INFO]: [OptiFine] (Reflector) Method not present: net.minecraftforge.common.extensions.IForgeBlockState.shouldDisplayFluidOverlay
[22:44:25] [main/INFO]: [OptiFine] (Reflector) Class not present: net.minecraftforge.common.extensions.IForgeFluid
[22:44:25] [main/INFO]: [OptiFine] (Reflector) Class not present: net.minecraftforge.fluids.FluidAttributes
[22:44:25] [main/INFO]: [OptiFine] (Reflector) Method not present: net.minecraft.entity.EntityType.getTags
[22:44:25] [main/INFO]: [OptiFine] (Reflector) Class not present: net.minecraftforge.event.ForgeEventFactory
[22:44:25] [main/INFO]: [OptiFine] (Reflector) Method not present: net.minecraft.fluid.Fluid.getTags
[22:44:25] [main/INFO]: [OptiFine] (Reflector) Class not present: net.minecraftforge.common.ForgeHooks
[22:44:25] [main/INFO]: [OptiFine] (Reflector) Class not present: net.minecraftforge.common.ForgeConfig
[22:44:25] [main/INFO]: [OptiFine] (Reflector) Class not present: net.minecraftforge.common.ForgeConfig$Client
[22:44:25] [main/INFO]: [OptiFine] (Reflector) Class not present: net.minecraftforge.common.ForgeConfigSpec
[22:44:25] [main/INFO]: [OptiFine] (Reflector) Class not present: net.minecraftforge.common.ForgeConfigSpec$ConfigValue
[22:44:25] [main/INFO]: [OptiFine] (Reflector) Method not present: net.minecraft.world.chunk.IChunk.getWorldForge
[22:44:25] [main/INFO]: [OptiFine] (Reflector) Class not present: net.minecraftforge.common.extensions.IForgeItem
[22:44:25] [main/INFO]: [OptiFine] (Reflector) Class not present: net.minecraftforge.common.extensions.IForgeItemStack
[22:44:25] [main/INFO]: [OptiFine] (Reflector) Class not present: net.minecraftforge.fml.ForgeI18n
[22:44:25] [main/INFO]: [OptiFine] (Reflector) Method not present: net.minecraft.client.settings.KeyBinding.setKeyConflictContext
[22:44:25] [main/INFO]: [OptiFine] (Reflector) Method not present: net.minecraft.client.settings.KeyBinding.setKeyModifierAndCode
[22:44:25] [main/INFO]: [OptiFine] (Reflector) Method not present: net.minecraft.client.settings.KeyBinding.getKeyModifier
[22:44:25] [main/INFO]: [OptiFine] (Reflector) Class not present: net.minecraftforge.common.extensions.IForgeEffectInstance
[22:44:25] [main/INFO]: [OptiFine] (Reflector) Class not present: net.minecraftforge.registries.ForgeRegistryEntry
[22:44:25] [main/INFO]: [OptiFine] (Reflector) Method not present: net.minecraft.client.renderer.RenderTypeLookup.canRenderInLayer
[22:44:25] [main/INFO]: [OptiFine] (Reflector) Constructor not present: net.minecraft.world.server.Ticket, params: class net.minecraft.world.server.TicketType, int, class java.lang.Object, boolean
[22:44:25] [main/INFO]: [OptiFine] (Reflector) Method not present: net.minecraft.world.server.Ticket.isForceTicks
[22:44:25] [main/INFO]: [OptiFine] (Reflector) Class not present: net.minecraftforge.common.extensions.IForgeTileEntity
[22:44:25] [main/INFO]: [OptiFine] (Reflector) Method not present: net.minecraft.client.world.DimensionRenderInfo.getCloudRenderHandler
[22:44:25] [main/INFO]: [OptiFine] (Reflector) Method not present: net.minecraft.client.world.DimensionRenderInfo.getSkyRenderHandler
[22:44:25] [main/INFO]: [OptiFine] (Reflector) Method not present: net.minecraft.client.world.DimensionRenderInfo.getWeatherParticleRenderHandler
[22:44:25] [main/INFO]: [OptiFine] (Reflector) Method not present: net.minecraft.client.world.DimensionRenderInfo.getWeatherRenderHandler
[22:44:25] [main/INFO]: [OptiFine] (Reflector) Class not present: net.minecraftforge.client.IRenderHandler
[22:44:25] [main/INFO]: [OptiFine] (Reflector) Class not present: net.minecraftforge.client.model.pipeline.LightUtil
[22:44:25] [main/INFO]: [OptiFine] (Reflector) Class not present: net.minecraftforge.common.MinecraftForge
[22:44:25] [main/INFO]: [OptiFine] (Reflector) Class not present: net.minecraftforge.client.MinecraftForgeClient
[22:44:25] [main/INFO]: [OptiFine] (Reflector) Class not present: net.minecraftforge.fml.common.ModContainer
[22:44:25] [main/INFO]: [OptiFine] (Reflector) Class not present: net.minecraftforge.fml.client.gui.screen.ModListScreen
[22:44:25] [main/INFO]: [OptiFine] (Reflector) Class not present: net.minecraftforge.client.gui.NotificationModUpdateScreen
[22:44:25] [main/INFO]: [OptiFine] (Reflector) Class not present: net.minecraftforge.entity.PartEntity
[22:44:25] [main/INFO]: [OptiFine] (Reflector) Class not present: net.minecraftforge.event.entity.PlaySoundAtEntityEvent
[22:44:25] [main/INFO]: [OptiFine] (Reflector) Class not present: net.minecraftforge.client.event.RenderBlockOverlayEvent$OverlayType
[22:44:25] [main/INFO]: [OptiFine] (Reflector) Class not present: net.minecraftforge.fml.client.registry.RenderingRegistry
[22:44:25] [main/INFO]: [OptiFine] (Reflector) Class not present: net.minecraftforge.client.event.RenderGameOverlayEvent$BossInfo
[22:44:25] [main/INFO]: [OptiFine] (Reflector) Class not present: net.minecraftforge.client.event.RenderItemInFrameEvent
[22:44:25] [main/INFO]: [OptiFine] (Reflector) Class not present: net.minecraftforge.client.event.RenderLivingEvent$Pre
[22:44:25] [main/INFO]: [OptiFine] (Reflector) Class not present: net.minecraftforge.client.event.RenderLivingEvent$Post
[22:44:25] [main/INFO]: [OptiFine] (Reflector) Class not present: net.minecraftforge.client.event.RenderNameplateEvent
[22:44:25] [main/INFO]: [OptiFine] (Reflector) Class not present: net.minecraftforge.client.event.ScreenshotEvent
[22:44:25] [main/INFO]: [OptiFine] (Reflector) Class not present: net.minecraftforge.fml.server.ServerLifecycleHooks
[22:44:25] [main/INFO]: [OptiFine] (Reflector) Class not present: net.minecraftforge.event.world.WorldEvent$Load
[22:44:25] [main/INFO]: [OptiFine] *** Reflector Vanilla ***
[22:44:37] [Worker-Main-6/INFO]: [OptiFine] Multitexture: false
[22:44:37] [Worker-Main-6/INFO]: [OptiFine] ConnectedTextures: optifine/ctm/default/00_glass_white/glass_pane_white.properties
[22:44:37] [Worker-Main-6/INFO]: [OptiFine] ConnectedTextures: optifine/ctm/default/00_glass_white/glass_white.properties
[22:44:37] [Worker-Main-6/INFO]: [OptiFine] ConnectedTextures: optifine/ctm/default/01_glass_orange/glass_orange.properties
[22:44:37] [Worker-Main-6/INFO]: [OptiFine] ConnectedTextures: optifine/ctm/default/01_glass_orange/glass_pane_orange.properties
[22:44:38] [Worker-Main-6/INFO]: [OptiFine] ConnectedTextures: optifine/ctm/default/02_glass_magenta/glass_magenta.properties
[22:44:38] [Worker-Main-6/INFO]: [OptiFine] ConnectedTextures: optifine/ctm/default/02_glass_magenta/glass_pane_magenta.properties
[22:44:38] [Worker-Main-6/INFO]: [OptiFine] ConnectedTextures: optifine/ctm/default/03_glass_light_blue/glass_light_blue.properties
[22:44:38] [Worker-Main-6/INFO]: [OptiFine] ConnectedTextures: optifine/ctm/default/03_glass_light_blue/glass_pane_light_blue.properties
[22:44:38] [Worker-Main-6/INFO]: [OptiFine] ConnectedTextures: optifine/ctm/default/04_glass_yellow/glass_pane_yellow.properties
[22:44:38] [Worker-Main-6/INFO]: [OptiFine] ConnectedTextures: optifine/ctm/default/04_glass_yellow/glass_yellow.properties
[22:44:38] [Worker-Main-6/INFO]: [OptiFine] ConnectedTextures: optifine/ctm/default/05_glass_lime/glass_lime.properties
[22:44:38] [Worker-Main-6/INFO]: [OptiFine] ConnectedTextures: optifine/ctm/default/05_glass_lime/glass_pane_lime.properties
[22:44:38] [Worker-Main-6/INFO]: [OptiFine] ConnectedTextures: optifine/ctm/default/06_glass_pink/glass_pane_pink.properties
[22:44:38] [Worker-Main-6/INFO]: [OptiFine] ConnectedTextures: optifine/ctm/default/06_glass_pink/glass_pink.properties
[22:44:38] [Worker-Main-6/INFO]: [OptiFine] ConnectedTextures: optifine/ctm/default/07_glass_gray/glass_gray.properties
[22:44:38] [Worker-Main-6/INFO]: [OptiFine] ConnectedTextures: optifine/ctm/default/07_glass_gray/glass_pane_gray.properties
[22:44:38] [Worker-Main-6/INFO]: [OptiFine] ConnectedTextures: optifine/ctm/default/08_glass_light_gray/glass_light_gray.properties
[22:44:38] [Worker-Main-6/INFO]: [OptiFine] ConnectedTextures: optifine/ctm/default/08_glass_light_gray/glass_pane_light_gray.properties
[22:44:38] [Worker-Main-6/INFO]: [OptiFine] ConnectedTextures: optifine/ctm/default/09_glass_cyan/glass_cyan.properties
[22:44:38] [Worker-Main-6/INFO]: [OptiFine] ConnectedTextures: optifine/ctm/default/09_glass_cyan/glass_pane_cyan.properties
[22:44:38] [Worker-Main-6/INFO]: [OptiFine] ConnectedTextures: optifine/ctm/default/10_glass_purple/glass_pane_purple.properties
[22:44:38] [Worker-Main-6/INFO]: [OptiFine] ConnectedTextures: optifine/ctm/default/10_glass_purple/glass_purple.properties
[22:44:38] [Worker-Main-6/INFO]: [OptiFine] ConnectedTextures: optifine/ctm/default/11_glass_blue/glass_blue.properties
[22:44:38] [Worker-Main-6/INFO]: [OptiFine] ConnectedTextures: optifine/ctm/default/11_glass_blue/glass_pane_blue.properties
[22:44:38] [Worker-Main-6/INFO]: [OptiFine] ConnectedTextures: optifine/ctm/default/12_glass_brown/glass_brown.properties
[22:44:38] [Worker-Main-6/INFO]: [OptiFine] ConnectedTextures: optifine/ctm/default/12_glass_brown/glass_pane_brown.properties
[22:44:38] [Worker-Main-6/INFO]: [OptiFine] ConnectedTextures: optifine/ctm/default/13_glass_green/glass_green.properties
[22:44:38] [Worker-Main-6/INFO]: [OptiFine] ConnectedTextures: optifine/ctm/default/13_glass_green/glass_pane_green.properties
[22:44:38] [Worker-Main-6/INFO]: [OptiFine] ConnectedTextures: optifine/ctm/default/14_glass_red/glass_pane_red.properties
[22:44:38] [Worker-Main-6/INFO]: [OptiFine] ConnectedTextures: optifine/ctm/default/14_glass_red/glass_red.properties
[22:44:38] [Worker-Main-6/INFO]: [OptiFine] ConnectedTextures: optifine/ctm/default/15_glass_black/glass_black.properties
[22:44:39] [Worker-Main-6/INFO]: [OptiFine] ConnectedTextures: optifine/ctm/default/15_glass_black/glass_pane_black.properties
[22:44:39] [Worker-Main-6/INFO]: [OptiFine] ConnectedTextures: optifine/ctm/default/20_glass/glass.properties
[22:44:39] [Worker-Main-6/INFO]: [OptiFine] ConnectedTextures: optifine/ctm/default/20_glass/glass_pane.properties
[22:44:39] [Worker-Main-6/INFO]: [OptiFine] ConnectedTextures: optifine/ctm/default/30_bookshelf/bookshelf.properties
[22:44:39] [Worker-Main-6/INFO]: [OptiFine] ConnectedTextures: optifine/ctm/default/40_sandstone/sandstone.properties
[22:44:39] [Worker-Main-6/INFO]: [OptiFine] ConnectedTextures: optifine/ctm/default/41_red_sandstone/red_sandstone.properties
[22:44:39] [Worker-Main-6/INFO]: [OptiFine] Multipass connected textures: false
[22:44:39] [Worker-Main-6/INFO]: [OptiFine] BetterGrass: Parsing default configuration optifine/bettergrass.properties
[22:44:45] [Worker-Main-6/INFO]: [OptiFine] Mipmap levels: 4
[22:44:47] [Worker-Main-6/INFO]: [OptiFine] Multitexture: false
[22:44:47] [Worker-Main-6/INFO]: [OptiFine] Sprite size: 64
[22:44:47] [Worker-Main-6/INFO]: [OptiFine] Mipmap levels: 6
[22:44:47] [Worker-Main-6/INFO]: [OptiFine] Multitexture: false
[22:44:47] [Worker-Main-6/INFO]: [OptiFine] Sprite size: 64
[22:44:47] [Worker-Main-6/INFO]: [OptiFine] Mipmap levels: 6
[22:44:47] [Worker-Main-6/INFO]: [OptiFine] Multitexture: false
[22:44:47] [Worker-Main-6/INFO]: [OptiFine] Sprite size: 64
[22:44:47] [Worker-Main-6/INFO]: [OptiFine] Mipmap levels: 6
[22:44:47] [Worker-Main-6/INFO]: [OptiFine] Multitexture: false
[22:44:47] [Worker-Main-6/INFO]: [OptiFine] Sprite size: 64
[22:44:47] [Worker-Main-6/INFO]: [OptiFine] Mipmap levels: 6
[22:44:47] [Worker-Main-6/INFO]: [OptiFine] Multitexture: false
[22:44:47] [Worker-Main-6/INFO]: [OptiFine] Sprite size: 64
[22:44:47] [Worker-Main-6/INFO]: [OptiFine] Mipmap levels: 6
[22:44:47] [Worker-Main-6/INFO]: [OptiFine] Multitexture: false
[22:44:48] [Worker-Main-6/INFO]: [OptiFine] Sprite size: 64
[22:44:48] [Worker-Main-6/INFO]: [OptiFine] Mipmap levels: 6
[22:44:48] [main/INFO]: OpenAL initialized.
[22:44:48] [main/INFO]: Sound engine started
[22:44:49] [main/INFO]: Created: 1024x512x4 minecraft:textures/atlas/blocks.png-atlas
[22:44:49] [main/INFO]: [OptiFine] Animated sprites: 43
[22:44:49] [main/INFO]: Created: 256x128x4 minecraft:textures/atlas/signs.png-atlas
[22:44:49] [main/INFO]: [OptiFine] Animated sprites: 0
[22:44:49] [main/INFO]: Created: 512x512x4 minecraft:textures/atlas/banner_patterns.png-atlas
[22:44:49] [main/INFO]: [OptiFine] Animated sprites: 0
[22:44:49] [main/INFO]: Created: 512x512x4 minecraft:textures/atlas/shield_patterns.png-atlas
[22:44:49] [main/INFO]: [OptiFine] Animated sprites: 0
[22:44:49] [main/INFO]: Created: 256x256x4 minecraft:textures/atlas/chest.png-atlas
[22:44:49] [main/INFO]: [OptiFine] Animated sprites: 0
[22:44:49] [main/INFO]: Created: 512x256x4 minecraft:textures/atlas/beds.png-atlas
[22:44:49] [main/INFO]: [OptiFine] Animated sprites: 0
[22:44:49] [main/INFO]: Created: 512x256x4 minecraft:textures/atlas/shulker_boxes.png-atlas
[22:44:49] [main/INFO]: [OptiFine] Animated sprites: 0
[22:44:50] [main/INFO]: Created: 256x256x0 minecraft:textures/atlas/particles.png-atlas
[22:44:50] [main/INFO]: [OptiFine] Animated sprites: 0
[22:44:50] [main/INFO]: Created: 256x256x0 minecraft:textures/atlas/paintings.png-atlas
[22:44:50] [main/INFO]: [OptiFine] Animated sprites: 0
[22:44:50] [main/INFO]: Created: 128x128x0 minecraft:textures/atlas/mob_effects.png-atlas
[22:44:50] [main/INFO]: [OptiFine] Animated sprites: 0
[22:44:50] [main/INFO]: [OptiFine] *** Reloading custom textures ***
[22:44:54] [main/INFO]: [OptiFine] Disable Forge light pipeline
[22:45:00] [main/INFO]: Connecting to game.bravohvh.ru., 25565
[22:45:04] [main/INFO]: Environment: authHost='https://authserver.mojang.com', accountsHost='https://api.mojang.com', sessionHost='https://sessionserver.mojang.com', servicesHost='https://api.minecraftservices.com', name='PROD'
[22:45:04] [main/WARN]: Unknown custom packed identifier: minecraft:register
[22:45:12] [main/INFO]: Stopping!
